<?xml version="1.0" encoding="UTF-8"?>
<testng-results skipped="0" failed="0" ignored="0" total="1" passed="1">
  <reporter-output>
  </reporter-output>
  <suite name="Surefire suite" duration-ms="8" started-at="2020-01-13T12:22:16 EET" finished-at="2020-01-13T12:22:16 EET">
    <groups>
    </groups>
    <test name="Surefire test" duration-ms="8" started-at="2020-01-13T12:22:16 EET" finished-at="2020-01-13T12:22:16 EET">
      <class name="SarmadyTest.AppTest">
        <test-method status="PASS" signature="testApp()[pri:0, instance:testApp(SarmadyTest.AppTest)]" name="testApp" duration-ms="1" started-at="2020-01-13T12:22:16 EET" finished-at="2020-01-13T12:22:16 EET">
          <reporter-output>
          </reporter-output>
        </test-method> <!-- testApp -->
      </class> <!-- SarmadyTest.AppTest -->
    </test> <!-- Surefire test -->
  </suite> <!-- Surefire suite -->
</testng-results>
