<?xml version="1.0" encoding="UTF-8"?>
<testng-results skipped="0" failed="0" ignored="0" total="2" passed="2">
  <reporter-output>
  </reporter-output>
  <suite name="Surefire suite" duration-ms="41" started-at="2020-01-13T12:22:16 EET" finished-at="2020-01-13T12:22:16 EET">
    <groups>
    </groups>
    <test name="Surefire test" duration-ms="41" started-at="2020-01-13T12:22:16 EET" finished-at="2020-01-13T12:22:16 EET">
      <class name="SarmadyTest.SeleniumTest">
        <test-method status="PASS" signature="selenium()[pri:0, instance:SarmadyTest.SeleniumTest@69ea3742]" name="selenium" duration-ms="1" started-at="2020-01-13T12:22:16 EET" finished-at="2020-01-13T12:22:16 EET">
          <reporter-output>
          </reporter-output>
        </test-method> <!-- selenium -->
      </class> <!-- SarmadyTest.SeleniumTest -->
      <class name="SarmadyTest.AppiumTest">
        <test-method status="PASS" signature="appium()[pri:0, instance:SarmadyTest.AppiumTest@5702b3b1]" name="appium" duration-ms="7" started-at="2020-01-13T12:22:16 EET" finished-at="2020-01-13T12:22:16 EET">
          <reporter-output>
          </reporter-output>
        </test-method> <!-- appium -->
      </class> <!-- SarmadyTest.AppiumTest -->
    </test> <!-- Surefire test -->
  </suite> <!-- Surefire suite -->
</testng-results>
