<?xml version="1.0" encoding="UTF-8"?>
<testng-results skipped="0" failed="0" ignored="0" total="1" passed="1">
  <reporter-output>
  </reporter-output>
  <suite name="Suite" duration-ms="40" started-at="2020-01-13T12:39:58 EET" finished-at="2020-01-13T12:39:58 EET">
    <groups>
    </groups>
    <test name="Test" duration-ms="40" started-at="2020-01-13T12:39:58 EET" finished-at="2020-01-13T12:39:58 EET">
      <class name="SarmadyTest.SeleniumTest">
        <test-method status="PASS" signature="selenium()[pri:0, instance:SarmadyTest.SeleniumTest@5702b3b1]" name="selenium" duration-ms="7" started-at="2020-01-13T12:39:58 EET" finished-at="2020-01-13T12:39:58 EET">
          <reporter-output>
          </reporter-output>
        </test-method> <!-- selenium -->
      </class> <!-- SarmadyTest.SeleniumTest -->
    </test> <!-- Test -->
  </suite> <!-- Suite -->
</testng-results>
